-------------------------------------------------------------------------------
Test set: Test.TestNew
-------------------------------------------------------------------------------
Tests run: 2, Failures: 1, Errors: 0, Skipped: 0, Time elapsed: 20.366 sec <<< FAILURE! - in Test.TestNew
closeDriver(Test.TestNew)  Time elapsed: 1.385 sec  <<< FAILURE!
org.openqa.selenium.NoSuchSessionException: 
Session ID is null. Using WebDriver after calling quit()?
Build info: version: '3.0.1', revision: '1969d75', time: '2016-10-18 09:49:13 -0700'
System info: host: 'Anjas-MacBook-Pro.local', ip: '192.168.14.219', os.name: 'Mac OS X', os.arch: 'x86_64', os.version: '10.12.1', java.version: '1.8.0_66'
Driver info: driver.version: RemoteWebDriver

