<?xml version="1.0" encoding="UTF-8"?>
<testng-results skipped="0" failed="0" total="1" passed="1">
  <reporter-output>
  </reporter-output>
  <suite name="Surefire suite" duration-ms="12784" started-at="2016-11-29T22:11:51Z" finished-at="2016-11-29T22:12:04Z">
    <groups>
    </groups>
    <test name="Surefire test" duration-ms="12784" started-at="2016-11-29T22:11:51Z" finished-at="2016-11-29T22:12:04Z">
      <class name="Test.TestNew">
        <test-method status="PASS" signature="openDriver()[pri:0, instance:Test.TestNew@47e4d9d0]" name="openDriver" is-config="true" duration-ms="12168" started-at="2016-11-29T17:11:51Z" finished-at="2016-11-29T17:12:03Z">
          <reporter-output>
          </reporter-output>
        </test-method> <!-- openDriver -->
        <test-method status="PASS" signature="test()[pri:0, instance:Test.TestNew@47e4d9d0]" name="test" duration-ms="211" started-at="2016-11-29T17:12:03Z" finished-at="2016-11-29T17:12:03Z">
          <reporter-output>
          </reporter-output>
        </test-method> <!-- test -->
        <test-method status="PASS" signature="closeDriver()[pri:0, instance:Test.TestNew@47e4d9d0]" name="closeDriver" is-config="true" duration-ms="267" started-at="2016-11-29T17:12:03Z" finished-at="2016-11-29T17:12:04Z">
          <reporter-output>
          </reporter-output>
        </test-method> <!-- closeDriver -->
      </class> <!-- Test.TestNew -->
    </test> <!-- Surefire test -->
  </suite> <!-- Surefire suite -->
</testng-results>
