<?xml version="1.0" encoding="UTF-8"?>
<testng-results skipped="0" failed="0" total="1" passed="1">
  <reporter-output>
  </reporter-output>
  <suite name="Default suite" duration-ms="9602" started-at="2016-11-29T17:54:29Z" finished-at="2016-11-29T17:54:39Z">
    <groups>
    </groups>
    <test name="Default test" duration-ms="9602" started-at="2016-11-29T17:54:29Z" finished-at="2016-11-29T17:54:39Z">
      <class name="Test.TestNew">
        <test-method status="PASS" signature="openDriver()[pri:0, instance:Test.TestNew@36a6bea6]" name="openDriver" is-config="true" duration-ms="8988" started-at="2016-11-29T12:54:29Z" finished-at="2016-11-29T12:54:38Z">
          <reporter-output>
          </reporter-output>
        </test-method> <!-- openDriver -->
        <test-method status="PASS" signature="test()[pri:0, instance:Test.TestNew@36a6bea6]" name="test" duration-ms="50" started-at="2016-11-29T12:54:38Z" finished-at="2016-11-29T12:54:38Z">
          <reporter-output>
          </reporter-output>
        </test-method> <!-- test -->
        <test-method status="PASS" signature="closeDriver()[pri:0, instance:Test.TestNew@36a6bea6]" name="closeDriver" is-config="true" duration-ms="322" started-at="2016-11-29T12:54:39Z" finished-at="2016-11-29T12:54:39Z">
          <reporter-output>
          </reporter-output>
        </test-method> <!-- closeDriver -->
      </class> <!-- Test.TestNew -->
    </test> <!-- Default test -->
  </suite> <!-- Default suite -->
</testng-results>
